<?xml version="1.0" encoding="UTF-8"?>
<!-- Generated by org.testng.reporters.JUnitReportReporter -->
<testsuite hostname="DESKTOP-IP4AOCI" failures="0" tests="1" name="facebook.FacebookRegis" time="19.136" errors="0" timestamp="2025-06-24T21:50:44 EDT" skipped="0">
  <testcase classname="facebook.FacebookRegis" name="facebookRegis" time="19.136"/>
</testsuite> <!-- facebook.FacebookRegis -->
